<?xml version="1.0" encoding="UTF-8"?>
<!-- Generated by org.testng.reporters.JUnitReportReporter -->
<testsuite skipped="0" hostname="DESKTOP-3TVS1HU" name="org.fis.UI.automation.TC_003_MultiwindowHandling" tests="1" failures="0" timestamp="18 Jul 2021 15:18:15 GMT" time="11.471" errors="0">
  <testcase name="multiWindow" time="11.471" classname="org.fis.UI.automation.TC_003_MultiwindowHandling"/>
</testsuite> <!-- org.fis.UI.automation.TC_003_MultiwindowHandling -->
